<?xml version="1.0" encoding="UTF-8"?>
<robot generator="Robot 6.1.1 (Python 3.12.0 on darwin)" generated="20240104 15:42:41.652" rpa="false" schemaversion="4">
<suite id="s1" name="e2e YounupRobot" source="/Users/macbook/IdeaProjects/e2e_YounupRobot">
<suite id="s1-s1" name="Tests" source="/Users/macbook/IdeaProjects/e2e_YounupRobot/tests">
<suite id="s1-s1-s1" name="LoginTest" source="/Users/macbook/IdeaProjects/e2e_YounupRobot/tests/LoginTest.robot">
<test id="s1-s1-s1-t1" name="Vérifier la page d'accueil" line="11">
<kw name="Aller sur le site de GreenMorrow" library="LoginPage" type="SETUP">
<kw name="Open Browser" library="SeleniumLibrary">
<arg>${LoginDatas.Url}</arg>
<arg>browser=${Browser}</arg>
<doc>Opens a new browser instance to the optional ``url``.</doc>
<msg timestamp="20240104 15:42:42.329" level="INFO">Opening browser 'chrome' to base url 'https://greenmorrow.dev.younup.fr/home'.</msg>
<status status="PASS" starttime="20240104 15:42:42.328" endtime="20240104 15:42:45.855"/>
</kw>
<kw name="Set Selenium Implicit Wait" library="SeleniumLibrary">
<arg>5</arg>
<doc>Sets the implicit wait value used by Selenium.</doc>
<status status="PASS" starttime="20240104 15:42:45.856" endtime="20240104 15:42:45.857"/>
</kw>
<kw name="Maximize Browser Window" library="SeleniumLibrary">
<doc>Maximizes current browser window.</doc>
<status status="PASS" starttime="20240104 15:42:45.857" endtime="20240104 15:42:46.362"/>
</kw>
<status status="PASS" starttime="20240104 15:42:42.328" endtime="20240104 15:42:46.362"/>
</kw>
<kw name="Vérifie l'URL" library="LoginPage">
<kw name="Location Should Be" library="SeleniumLibrary">
<arg>${LoginDatas.Url}</arg>
<doc>Verifies that the current URL is exactly ``url``.</doc>
<msg timestamp="20240104 15:42:46.368" level="INFO">Current location is 'https://greenmorrow.dev.younup.fr/home'.</msg>
<status status="PASS" starttime="20240104 15:42:46.363" endtime="20240104 15:42:46.369"/>
</kw>
<status status="PASS" starttime="20240104 15:42:46.362" endtime="20240104 15:42:46.369"/>
</kw>
<kw name="Vérifie les autres éléments de la page" library="LoginPage">
<kw name="Get Text" library="SeleniumLibrary">
<var>${actualTextSeConnecterAvecGoogle}</var>
<arg>${LogLocators.seConnecterAvecGoogle}</arg>
<doc>Returns the text value of the element identified by ``locator``.</doc>
<msg timestamp="20240104 15:42:46.396" level="INFO">${actualTextSeConnecterAvecGoogle} = Se connecter avec Google</msg>
<status status="PASS" starttime="20240104 15:42:46.369" endtime="20240104 15:42:46.396"/>
</kw>
<kw name="Should Be Equal" library="BuiltIn">
<arg>${actualTextSeConnecterAvecGoogle}</arg>
<arg>${LoginDatas.expectedTextSeConnecterAvecGoogle}</arg>
<doc>Fails if the given objects are unequal.</doc>
<status status="PASS" starttime="20240104 15:42:46.396" endtime="20240104 15:42:46.397"/>
</kw>
<kw name="Log To Console" library="BuiltIn">
<arg>Texte actuel : ${actualTextSeConnecterAvecGoogle}</arg>
<doc>Logs the given message to the console.</doc>
<status status="PASS" starttime="20240104 15:42:46.397" endtime="20240104 15:42:46.397"/>
</kw>
<kw name="Get Text" library="SeleniumLibrary">
<var>${actualTextSeConnecterAvecEmail}</var>
<arg>${LogLocators.seConnecterAvecEmail}</arg>
<doc>Returns the text value of the element identified by ``locator``.</doc>
<msg timestamp="20240104 15:42:46.414" level="INFO">${actualTextSeConnecterAvecEmail} = Se connecter avec email/pseudo</msg>
<status status="PASS" starttime="20240104 15:42:46.397" endtime="20240104 15:42:46.414"/>
</kw>
<kw name="Should Be Equal" library="BuiltIn">
<arg>${actualTextSeConnecterAvecEmail}</arg>
<arg>${LoginDatas.expectedTextSeConnecterAvecEmail}</arg>
<doc>Fails if the given objects are unequal.</doc>
<status status="PASS" starttime="20240104 15:42:46.414" endtime="20240104 15:42:46.414"/>
</kw>
<kw name="Log To Console" library="BuiltIn">
<arg>Texte actuel : ${actualTextSeConnecterAvecEmail}</arg>
<doc>Logs the given message to the console.</doc>
<status status="PASS" starttime="20240104 15:42:46.414" endtime="20240104 15:42:46.415"/>
</kw>
<kw name="Get Text" library="SeleniumLibrary">
<var>${actualTextcréerUnCompte}</var>
<arg>${LogLocators.créerUnCompte}</arg>
<doc>Returns the text value of the element identified by ``locator``.</doc>
<msg timestamp="20240104 15:42:46.430" level="INFO">${actualTextcréerUnCompte} = Créer un compte</msg>
<status status="PASS" starttime="20240104 15:42:46.415" endtime="20240104 15:42:46.430"/>
</kw>
<kw name="Should Be Equal" library="BuiltIn">
<arg>${actualTextcréerUnCompte}</arg>
<arg>${LoginDatas.expectedTextCréerUnCompte}</arg>
<doc>Fails if the given objects are unequal.</doc>
<status status="PASS" starttime="20240104 15:42:46.430" endtime="20240104 15:42:46.430"/>
</kw>
<kw name="Log To Console" library="BuiltIn">
<arg>Texte actuel : ${actualTextcréerUnCompte}</arg>
<doc>Logs the given message to the console.</doc>
<status status="PASS" starttime="20240104 15:42:46.430" endtime="20240104 15:42:46.431"/>
</kw>
<status status="PASS" starttime="20240104 15:42:46.369" endtime="20240104 15:42:46.431"/>
</kw>
<kw name="Close Browser" library="SeleniumLibrary" type="TEARDOWN">
<doc>Closes the current browser.</doc>
<status status="PASS" starttime="20240104 15:42:46.431" endtime="20240104 15:42:46.519"/>
</kw>
<status status="PASS" starttime="20240104 15:42:42.327" endtime="20240104 15:42:46.519"/>
</test>
<test id="s1-s1-s1-t2" name="Créer un compte" line="15">
<kw name="Aller sur le site de GreenMorrow" library="LoginPage" type="SETUP">
<kw name="Open Browser" library="SeleniumLibrary">
<arg>${LoginDatas.Url}</arg>
<arg>browser=${Browser}</arg>
<doc>Opens a new browser instance to the optional ``url``.</doc>
<msg timestamp="20240104 15:42:46.521" level="INFO">Opening browser 'chrome' to base url 'https://greenmorrow.dev.younup.fr/home'.</msg>
<status status="PASS" starttime="20240104 15:42:46.520" endtime="20240104 15:42:50.365"/>
</kw>
<kw name="Set Selenium Implicit Wait" library="SeleniumLibrary">
<arg>5</arg>
<doc>Sets the implicit wait value used by Selenium.</doc>
<status status="PASS" starttime="20240104 15:42:50.365" endtime="20240104 15:42:50.366"/>
</kw>
<kw name="Maximize Browser Window" library="SeleniumLibrary">
<doc>Maximizes current browser window.</doc>
<status status="PASS" starttime="20240104 15:42:50.367" endtime="20240104 15:42:50.844"/>
</kw>
<status status="PASS" starttime="20240104 15:42:46.520" endtime="20240104 15:42:50.845"/>
</kw>
<kw name="Crée un compte avec des utilisateurs différents" library="LoginPage">
<kw name="Click Element" library="SeleniumLibrary">
<arg>${LogLocators.créerUnCompte}</arg>
<doc>Click the element identified by ``locator``.</doc>
<msg timestamp="20240104 15:42:50.847" level="INFO">Clicking element 'css=.create-button-text'.</msg>
<status status="PASS" starttime="20240104 15:42:50.845" endtime="20240104 15:42:50.964"/>
</kw>
<kw name="Get Text" library="SeleniumLibrary">
<var>${actualTextInsription}</var>
<arg>${LogLocators.textInscription}</arg>
<doc>Returns the text value of the element identified by ``locator``.</doc>
<msg timestamp="20240104 15:42:50.986" level="INFO">${actualTextInsription} = Inscription</msg>
<status status="PASS" starttime="20240104 15:42:50.964" endtime="20240104 15:42:50.986"/>
</kw>
<kw name="Should Be Equal As Strings" library="BuiltIn">
<arg>${actualTextInsription}</arg>
<arg>Inscription</arg>
<doc>Fails if objects are unequal after converting them to strings.</doc>
<status status="PASS" starttime="20240104 15:42:50.987" endtime="20240104 15:42:50.987"/>
</kw>
<status status="PASS" starttime="20240104 15:42:50.845" endtime="20240104 15:42:50.987"/>
</kw>
<kw name="Générer une Adresse E-mail Aléatoire" library="LoginPage">
<kw name="Email" library="FakerLibrary">
<var>${fake_email}</var>
<msg timestamp="20240104 15:42:50.988" level="INFO">${fake_email} = tperez@example.org</msg>
<status status="PASS" starttime="20240104 15:42:50.987" endtime="20240104 15:42:50.988"/>
</kw>
<kw name="Input Text" library="SeleniumLibrary">
<arg>${LogLocators.placeEmail}</arg>
<arg>${fake_email}</arg>
<doc>Types the given ``text`` into the text field identified by ``locator``.</doc>
<msg timestamp="20240104 15:42:50.989" level="INFO">Typing text 'tperez@example.org' into text field 'css=#email'.</msg>
<status status="PASS" starttime="20240104 15:42:50.988" endtime="20240104 15:42:51.214"/>
</kw>
<kw name="Log To Console" library="BuiltIn">
<arg>${fake_email}</arg>
<doc>Logs the given message to the console.</doc>
<status status="PASS" starttime="20240104 15:42:51.214" endtime="20240104 15:42:51.214"/>
</kw>
<status status="PASS" starttime="20240104 15:42:50.987" endtime="20240104 15:42:51.214"/>
</kw>
<kw name="Générer un Utilisateur Aléatoire" library="LoginPage">
<kw name="Name" library="FakerLibrary">
<var>${fake_name}</var>
<doc>:example: 'John Doe'</doc>
<msg timestamp="20240104 15:42:51.215" level="INFO">${fake_name} = Brendan Sullivan</msg>
<status status="PASS" starttime="20240104 15:42:51.214" endtime="20240104 15:42:51.215"/>
</kw>
<kw name="Input Text" library="SeleniumLibrary">
<arg>${LogLocators.placeUtilisateur}</arg>
<arg>${fake_name}</arg>
<doc>Types the given ``text`` into the text field identified by ``locator``.</doc>
<msg timestamp="20240104 15:42:51.216" level="INFO">Typing text 'Brendan Sullivan' into text field 'css=#username'.</msg>
<status status="PASS" starttime="20240104 15:42:51.215" endtime="20240104 15:42:51.309"/>
</kw>
<kw name="Log To Console" library="BuiltIn">
<arg>${LogLocators.placeUtilisateur}</arg>
<doc>Logs the given message to the console.</doc>
<status status="PASS" starttime="20240104 15:42:51.309" endtime="20240104 15:42:51.310"/>
</kw>
<status status="PASS" starttime="20240104 15:42:51.214" endtime="20240104 15:42:51.310"/>
</kw>
<kw name="Vérifier et Cliquer sur le Bouton Continuer" library="LoginPage">
<kw name="Click Element" library="SeleniumLibrary">
<arg>${LogLocators.btnContinuer}</arg>
<doc>Click the element identified by ``locator``.</doc>
<msg timestamp="20240104 15:42:51.311" level="INFO">Clicking element 'xpath=//span[text()='Continuer']'.</msg>
<status status="PASS" starttime="20240104 15:42:51.310" endtime="20240104 15:42:51.387"/>
</kw>
<status status="PASS" starttime="20240104 15:42:51.310" endtime="20240104 15:42:51.387"/>
</kw>
<kw name="Générer un Mot de Passe" library="LoginPage">
<kw name="Input Text" library="SeleniumLibrary">
<arg>${LogLocators.placePassword}</arg>
<arg>${LoginDatas.password}</arg>
<doc>Types the given ``text`` into the text field identified by ``locator``.</doc>
<msg timestamp="20240104 15:42:51.388" level="INFO">Typing text 'GreenMorrow123' into text field 'css=#password'.</msg>
<status status="PASS" starttime="20240104 15:42:51.387" endtime="20240104 15:42:51.631"/>
</kw>
<kw name="Input Text" library="SeleniumLibrary">
<arg>${LogLocators.placePasswordConfirm}</arg>
<arg>${LoginDatas.password}</arg>
<doc>Types the given ``text`` into the text field identified by ``locator``.</doc>
<msg timestamp="20240104 15:42:51.633" level="INFO">Typing text 'GreenMorrow123' into text field 'css=#passwordConfirmed'.</msg>
<status status="PASS" starttime="20240104 15:42:51.631" endtime="20240104 15:42:51.708"/>
</kw>
<status status="PASS" starttime="20240104 15:42:51.387" endtime="20240104 15:42:51.708"/>
</kw>
<kw name="Cliquer sur Créer un compte et me connecter" library="LoginPage">
<kw name="Click Element" library="SeleniumLibrary">
<arg>${LogLocators.btnCréerUnCompte}</arg>
<doc>Click the element identified by ``locator``.</doc>
<msg timestamp="20240104 15:42:51.709" level="INFO">Clicking element 'xpath=//span[text()='Créer un compte et me connecter']'.</msg>
<status status="PASS" starttime="20240104 15:42:51.708" endtime="20240104 15:42:51.769"/>
</kw>
<status status="PASS" starttime="20240104 15:42:51.708" endtime="20240104 15:42:51.769"/>
</kw>
<kw name="Vérifier la Connexion à la Page d'Accueil" library="LoginPage">
<kw name="Get Text" library="SeleniumLibrary">
<var>${mesPlantes}</var>
<arg>${LogLocators.mesPlantes}</arg>
<doc>Returns the text value of the element identified by ``locator``.</doc>
<msg timestamp="20240104 15:42:52.198" level="INFO">${mesPlantes} = Mes plantes</msg>
<status status="PASS" starttime="20240104 15:42:51.769" endtime="20240104 15:42:52.198"/>
</kw>
<kw name="Should Be Equal As Strings" library="BuiltIn">
<arg>${mesPlantes}</arg>
<arg>${LoginDatas.expectedTextMesPlantes}</arg>
<doc>Fails if objects are unequal after converting them to strings.</doc>
<status status="PASS" starttime="20240104 15:42:52.198" endtime="20240104 15:42:52.198"/>
</kw>
<status status="PASS" starttime="20240104 15:42:51.769" endtime="20240104 15:42:52.198"/>
</kw>
<kw name="Close Browser" library="SeleniumLibrary" type="TEARDOWN">
<doc>Closes the current browser.</doc>
<status status="PASS" starttime="20240104 15:42:52.199" endtime="20240104 15:42:52.300"/>
</kw>
<status status="PASS" starttime="20240104 15:42:46.519" endtime="20240104 15:42:52.300"/>
</test>
<status status="PASS" starttime="20240104 15:42:41.685" endtime="20240104 15:42:52.301"/>
</suite>
<status status="PASS" starttime="20240104 15:42:41.683" endtime="20240104 15:42:52.302"/>
</suite>
<status status="PASS" starttime="20240104 15:42:41.656" endtime="20240104 15:42:52.303"/>
</suite>
<statistics>
<total>
<stat pass="2" fail="0" skip="0">All Tests</stat>
</total>
<tag>
</tag>
<suite>
<stat pass="2" fail="0" skip="0" id="s1" name="e2e YounupRobot">e2e YounupRobot</stat>
<stat pass="2" fail="0" skip="0" id="s1-s1" name="Tests">e2e YounupRobot.Tests</stat>
<stat pass="2" fail="0" skip="0" id="s1-s1-s1" name="LoginTest">e2e YounupRobot.Tests.LoginTest</stat>
</suite>
</statistics>
<errors>
</errors>
</robot>
